<?xml version="1.0" encoding="UTF-8"?>
<!-- Generated by org.testng.reporters.JUnitReportReporter -->
<testsuite hostname="P2908-W10" failures="0" tests="1" name="tests.Solicitudes" time="16.477" errors="0" timestamp="2021-11-24T11:58:19 CET" skipped="0">
  <testcase classname="tests.Solicitudes" name="swipeTutorials" time="16.477"/>
  <system-out/>
</testsuite> <!-- tests.Solicitudes -->
